<?xml version="1.0" encoding="UTF-8"?>
<testsuite xmlns:xsi="http://www.w3.org/2001/XMLSchema-instance" xsi:noNamespaceSchemaLocation="https://maven.apache.org/surefire/maven-surefire-plugin/xsd/surefire-test-report.xsd" version="3.0.2" name="com.gdm.startdb.StartdbApplicationTests" time="1.277" tests="1" errors="0" skipped="0" failures="0">
  <properties>
[...]
</properties>
  <testcase name="contextLoads" classname="com.gdm.startdb.StartdbApplicationTests" time="0.306">
    <system-out><![CDATA[14:44:54.384 [main] INFO org.springframework.test.context.support.AnnotationConfigContextLoaderUtils -- Could not detect default configuration classes for test class [com.gdm.startdb.StartdbApplicationTests]: StartdbApplicationTests does not declare any static, non-private, non-final, nested classes annotated with @Configuration.
14:44:54.455 [main] INFO org.springframework.boot.test.context.SpringBootTestContextBootstrapper -- Found @SpringBootConfiguration com.gdm.startdb.StartdbApplication for test class com.gdm.startdb.StartdbApplicationTests
14:44:54.532 [main] INFO org.springframework.boot.devtools.restart.RestartApplicationListener -- Restart disabled due to context in which it is running

  .   ____          _            __ _ _
 /\\ / ___'_ __ _ _(_)_ __  __ _ \ \ \ \
( ( )\___ | '_ | '_| | '_ \/ _` | \ \ \ \
 \\/  ___)| |_)| | | | | || (_| |  ) ) ) )
  '  |____| .__|_| |_|_| |_\__, | / / / /
 =========|_|==============|___/=/_/_/_/

 :: Spring Boot ::                (v3.5.7)

2025-11-12T14:44:54.676-03:00  INFO 34404 --- [startdb] [           main] c.gdm.startdb.StartdbApplicationTests    : Starting StartdbApplicationTests using Java 25.0.1 with PID 34404 (started by mvfmf in C:\GDM-05\prog\startDBSpring)
2025-11-12T14:44:54.676-03:00  INFO 34404 --- [startdb] [           main] c.gdm.startdb.StartdbApplicationTests    : No active profile set, falling back to 1 default profile: "default"
2025-11-12T14:44:55.275-03:00  INFO 34404 --- [startdb] [           main] c.gdm.startdb.StartdbApplicationTests    : Started StartdbApplicationTests in 0.749 seconds (process running for 1.229)
]]></system-out>
    <system-err><![CDATA[Mockito is currently self-attaching to enable the inline-mock-maker. This will no longer work in future releases of the JDK. Please add Mockito as an agent to your build as described in Mockito's documentation: https://javadoc.io/doc/org.mockito/mockito-core/latest/org.mockito/org/mockito/Mockito.html#0.3
WARNING: A Java agent has been loaded dynamically (C:\Users\mvfmf\.m2\repository\net\bytebuddy\byte-buddy-agent\1.17.8\byte-buddy-agent-1.17.8.jar)
WARNING: If a serviceability tool is in use, please run with -XX:+EnableDynamicAgentLoading to hide this warning
WARNING: If a serviceability tool is not in use, please run with -Djdk.instrument.traceUsage for more information
WARNING: Dynamic loading of agents will be disallowed by default in a future release
]]></system-err>
  </testcase>
</testsuite>